#
# A fatal error has been detected by the Java Runtime Environment:
#
#  SIGSEGV (0xb) at pc=0x0000000000000000, pid=67313, tid=6915
#
# JRE version: OpenJDK Runtime Environment (16.0.2+7) (build 16.0.2+7-67)
# Java VM: OpenJDK 64-Bit Server VM (16.0.2+7-67, mixed mode, sharing, tiered, compressed oops, compressed class ptrs, g1 gc, bsd-amd64)
# Problematic frame:
# C  0x0000000000000000
#
# No core dump will be written. Core dumps have been disabled. To enable core dumping, try "ulimit -c unlimited" before starting Java again
#
# If you would like to submit a bug report, please visit:
#   https://bugreport.java.com/bugreport/crash.jsp
#

---------------  S U M M A R Y ------------

Command Line: -XX:TieredStopAtLevel=1 -Xverify:none -Dspring.output.ansi.enabled=always -javaagent:/Applications/IntelliJ IDEA.app/Contents/lib/idea_rt.jar=62494:/Applications/IntelliJ IDEA.app/Contents/bin -Dcom.sun.management.jmxremote -Dspring.jmx.enabled=true -Dspring.liveBeansView.mbeanDomain -Dspring.application.admin.enabled=true -agentpath:/private/var/folders/cf/3v6fj3cs52g0h3fhvwj4315m0000gn/T/libasyncProfiler.so=start,jfr,event=cpu,interval=1ms,event=alloc,file=/Users/neogeo/SpringBlogApplication_2021_11_07_111639.jfr -Dfile.encoding=UTF-8 com.codeup.springblog.SpringBlogApplication

Host: MacBookAir10,1 x86_64 2400 MHz, 8 cores, 16G, Darwin 20.6.0, macOS 10.16 (20G95)
Time: Sun Nov  7 11:16:41 2021 CST elapsed time: 2.553779 seconds (0d 0h 0m 2s)

---------------  T H R E A D  ---------------

Current thread (0x00007fde6a80dc00):  JavaThread "main" [_thread_in_vm, id=6915, stack(0x000000030da44000,0x000000030db44000)]

Stack: [0x000000030da44000,0x000000030db44000],  sp=0x000000030db41b08,  free space=1014k
Java frames: (J=compiled Java code, j=interpreted, Vv=VM code)
j  java.util.jar.Attributes.read(Ljava/util/jar/Manifest$FastInputStream;[BLjava/lang/String;I)I+175 java.base@16.0.2
j  java.util.jar.Manifest.read(Ljava/io/InputStream;Ljava/lang/String;)V+25 java.base@16.0.2
j  java.util.jar.Manifest.<init>(Ljava/util/jar/JarVerifier;Ljava/io/InputStream;Ljava/lang/String;)V+29 java.base@16.0.2
J 1225 c1 java.util.jar.JarFile.getManifestFromReference()Ljava/util/jar/Manifest; java.base@16.0.2 (197 bytes) @ 0x000000011c80060c [0x000000011c800060+0x00000000000005ac]
J 1224 c1 java.util.jar.JarFile.getManifest()Ljava/util/jar/Manifest; java.base@16.0.2 (5 bytes) @ 0x000000011c7ffc54 [0x000000011c7ffc20+0x0000000000000034]
J 1221 c1 jdk.internal.loader.URLClassPath$JarLoader$2.getManifest()Ljava/util/jar/Manifest; java.base@16.0.2 (26 bytes) @ 0x000000011c7fe134 [0x000000011c7fdf80+0x00000000000001b4]
J 1111 c1 jdk.internal.loader.BuiltinClassLoader.defineClass(Ljava/lang/String;Ljdk/internal/loader/Resource;)Ljava/lang/Class; java.base@16.0.2 (121 bytes) @ 0x000000011c7c6824 [0x000000011c7c6720+0x0000000000000104]
J 1100 c1 jdk.internal.loader.BuiltinClassLoader.findClassOnClassPathOrNull(Ljava/lang/String;)Ljava/lang/Class; java.base@16.0.2 (64 bytes) @ 0x000000011c7be554 [0x000000011c7be2a0+0x00000000000002b4]
J 968 c1 jdk.internal.loader.BuiltinClassLoader.loadClassOrNull(Ljava/lang/String;Z)Ljava/lang/Class; java.base@16.0.2 (143 bytes) @ 0x000000011c77380c [0x000000011c7733a0+0x000000000000046c]
J 1028 c1 jdk.internal.loader.ClassLoaders$AppClassLoader.loadClass(Ljava/lang/String;Z)Ljava/lang/Class; java.base@16.0.2 (40 bytes) @ 0x000000011c7980d4 [0x000000011c797f80+0x0000000000000154]
J 1021 c1 java.lang.ClassLoader.loadClass(Ljava/lang/String;)Ljava/lang/Class; java.base@16.0.2 (7 bytes) @ 0x000000011c795284 [0x000000011c795240+0x0000000000000044]
v  ~StubRoutines::call_stub
J 815  java.lang.Class.forName0(Ljava/lang/String;ZLjava/lang/ClassLoader;Ljava/lang/Class;)Ljava/lang/Class; java.base@16.0.2 (0 bytes) @ 0x000000011c7218ca [0x000000011c721840+0x000000000000008a]
J 818 c1 java.lang.Class.forName(Ljava/lang/String;ZLjava/lang/ClassLoader;)Ljava/lang/Class; java.base@16.0.2 (47 bytes) @ 0x000000011c727a5c [0x000000011c727960+0x00000000000000fc]
j  org.springframework.boot.autoconfigure.condition.FilteringSpringBootCondition.resolve(Ljava/lang/String;Ljava/lang/ClassLoader;)Ljava/lang/Class;+7
j  org.springframework.boot.autoconfigure.condition.FilteringSpringBootCondition$ClassNameFilter.isPresent(Ljava/lang/String;Ljava/lang/ClassLoader;)Z+10
j  org.springframework.boot.autoconfigure.condition.FilteringSpringBootCondition$ClassNameFilter$2.matches(Ljava/lang/String;Ljava/lang/ClassLoader;)Z+2
j  org.springframework.boot.autoconfigure.condition.OnClassCondition$StandardOutcomesResolver.getOutcome(Ljava/lang/String;Ljava/lang/ClassLoader;)Lorg/springframework/boot/autoconfigure/condition/ConditionOutcome;+5
j  org.springframework.boot.autoconfigure.condition.OnClassCondition$StandardOutcomesResolver.getOutcome(Ljava/lang/String;)Lorg/springframework/boot/autoconfigure/condition/ConditionOutcome;+49
j  org.springframework.boot.autoconfigure.condition.OnClassCondition$StandardOutcomesResolver.getOutcomes([Ljava/lang/String;IILorg/springframework/boot/autoconfigure/AutoConfigurationMetadata;)[Lorg/springframework/boot/autoconfigure/condition/ConditionOutcome;+55
j  org.springframework.boot.autoconfigure.condition.OnClassCondition$StandardOutcomesResolver.resolveOutcomes()[Lorg/springframework/boot/autoconfigure/condition/ConditionOutcome;+17
j  org.springframework.boot.autoconfigure.condition.OnClassCondition.resolveOutcomesThreaded([Ljava/lang/String;Lorg/springframework/boot/autoconfigure/AutoConfigurationMetadata;)[Lorg/springframework/boot/autoconfigure/condition/ConditionOutcome;+36
j  org.springframework.boot.autoconfigure.condition.OnClassCondition.getOutcomes([Ljava/lang/String;Lorg/springframework/boot/autoconfigure/AutoConfigurationMetadata;)[Lorg/springframework/boot/autoconfigure/condition/ConditionOutcome;+19
j  org.springframework.boot.autoconfigure.condition.FilteringSpringBootCondition.match([Ljava/lang/String;Lorg/springframework/boot/autoconfigure/AutoConfigurationMetadata;)[Z+11
j  org.springframework.boot.autoconfigure.AutoConfigurationImportSelector$ConfigurationClassFilter.filter(Ljava/util/List;)Ljava/util/List;+54
j  org.springframework.boot.autoconfigure.AutoConfigurationImportSelector.getAutoConfigurationEntry(Lorg/springframework/core/type/AnnotationMetadata;)Lorg/springframework/boot/autoconfigure/AutoConfigurationImportSelector$AutoConfigurationEntry;+60
j  org.springframework.boot.autoconfigure.AutoConfigurationImportSelector$AutoConfigurationGroup.process(Lorg/springframework/core/type/AnnotationMetadata;Lorg/springframework/context/annotation/DeferredImportSelector;)V+18
j  org.springframework.context.annotation.ConfigurationClassParser$DeferredImportSelectorGrouping.getImports()Ljava/lang/Iterable;+44
j  org.springframework.context.annotation.ConfigurationClassParser$DeferredImportSelectorGroupingHandler.processGroupImports()V+40
j  org.springframework.context.annotation.ConfigurationClassParser$DeferredImportSelectorHandler.process()V+54
j  org.springframework.context.annotation.ConfigurationClassParser.parse(Ljava/util/Set;)V+171
j  org.springframework.context.annotation.ConfigurationClassPostProcessor.processConfigBeanDefinitions(Lorg/springframework/beans/factory/support/BeanDefinitionRegistry;)V+308
j  org.springframework.context.annotation.ConfigurationClassPostProcessor.postProcessBeanDefinitionRegistry(Lorg/springframework/beans/factory/support/BeanDefinitionRegistry;)V+107
j  org.springframework.context.support.PostProcessorRegistrationDelegate.invokeBeanDefinitionRegistryPostProcessors(Ljava/util/Collection;Lorg/springframework/beans/factory/support/BeanDefinitionRegistry;Lorg/springframework/core/metrics/ApplicationStartup;)V+59
j  org.springframework.context.support.PostProcessorRegistrationDelegate.invokeBeanFactoryPostProcessors(Lorg/springframework/beans/factory/config/ConfigurableListableBeanFactory;Ljava/util/List;)V+235
j  org.springframework.context.support.AbstractApplicationContext.invokeBeanFactoryPostProcessors(Lorg/springframework/beans/factory/config/ConfigurableListableBeanFactory;)V+5
j  org.springframework.context.support.AbstractApplicationContext.refresh()V+53
j  org.springframework.boot.web.servlet.context.ServletWebServerApplicationContext.refresh()V+1
j  org.springframework.boot.SpringApplication.refresh(Lorg/springframework/context/ConfigurableApplicationContext;)V+1
j  org.springframework.boot.SpringApplication.refreshContext(Lorg/springframework/context/ConfigurableApplicationContext;)V+16
j  org.springframework.boot.SpringApplication.run([Ljava/lang/String;)Lorg/springframework/context/ConfigurableApplicationContext;+111
j  org.springframework.boot.SpringApplication.run([Ljava/lang/Class;[Ljava/lang/String;)Lorg/springframework/context/ConfigurableApplicationContext;+9
j  org.springframework.boot.SpringApplication.run(Ljava/lang/Class;[Ljava/lang/String;)Lorg/springframework/context/ConfigurableApplicationContext;+9
j  com.codeup.springblog.SpringBlogApplication.main([Ljava/lang/String;)V+3
v  ~StubRoutines::call_stub

siginfo: si_signo: 11 (SIGSEGV), si_code: 1 (SEGV_MAPERR), si_addr: 0x0000000000000000

Register to memory mapping:

RAX=0x00007fde68f05158 points into unknown readable memory: 0x0000000000000000 | 00 00 00 00 00 00 00 00
RBX=0x000000030db41b98 is pointing into the stack for thread: 0x00007fde6a80dc00
RCX=0x0000000002e7a398 is an unknown value
RDX=0x0000000000000002 is an unknown value
RSP=0x000000030db41b08 is pointing into the stack for thread: 0x00007fde6a80dc00
RBP=0x0000000112009574: _ZN12MemAllocator10Allocation17notify_allocationEv+0x134 in /Users/neogeo/Library/Java/JavaVirtualMachines/openjdk-16.0.2/Contents/Home/lib/server/libjvm.dylib at 0x0000000111800000
RSI=0x00000000000076a0 is an unknown value
RDI=0x000000011249d988: _ZL21_last_allocated_bytes+0 in /Users/neogeo/Library/Java/JavaVirtualMachines/openjdk-16.0.2/Contents/Home/lib/server/libjvm.dylib at 0x0000000111800000
R8 =0x0000000000000001 is an unknown value
R9 =0x00007fde6a80dc00 is a thread
R10=0x00000001124cbbb0: _ZN19TemplateInterpreter13_active_tableE+0x2000 in /Users/neogeo/Library/Java/JavaVirtualMachines/openjdk-16.0.2/Contents/Home/lib/server/libjvm.dylib at 0x0000000111800000
R11=0x000000011c62a060 is at entry_point+32 in (nmethod*)0x000000011c629e90
R12=0x0 is NULL
R13=0x000000080069cb27 is pointing into metadata
R14=0x000000030db41b40 is pointing into the stack for thread: 0x00007fde6a80dc00
R15=0x00007fde6a80dc00 is a thread


Registers:
RAX=0x00007fde68f05158, RBX=0x000000030db41b98, RCX=0x0000000002e7a398, RDX=0x0000000000000002
RSP=0x000000030db41b08, RBP=0x0000000112009574, RSI=0x00000000000076a0, RDI=0x000000011249d988
R8 =0x0000000000000001, R9 =0x00007fde6a80dc00, R10=0x00000001124cbbb0, R11=0x000000011c62a060
R12=0x0000000000000000, R13=0x000000080069cb27, R14=0x000000030db41b40, R15=0x00007fde6a80dc00
RIP=0x0000000000000000, EFLAGS=0x0000000000000206, ERR=0x0000000000000004
  TRAPNO=0x000000000000000e

Top of Stack: (sp=0x000000030db41b08)
0x000000030db41b08:   000000030db41b98 0000000000000000
0x000000030db41b18:   000000080069cb27 00007fde6a80dc00
0x000000030db41b28:   00007fde6a80dc00 000000030db41b80
0x000000030db41b38:   0000000112009aaf 000000030db41b98
0x000000030db41b48:   00007fde6a80dc00 000000030db41b70
0x000000030db41b58:   0000000000000100 0000000000000000
0x000000030db41b68:   000000070f9fcd00 000000070f17c780
0x000000030db41b78:   00000000000000bc 000000030db41bc0
0x000000030db41b88:   0000000111b0ca36 000000030db41bc0
0x000000030db41b98:   0000000112458588 00007fde6a80dc00
0x000000030db41ba8:   0000000800008738 0000000000000ed4
0x000000030db41bb8:   00007f0100007689 000000030db41be0
0x000000030db41bc8:   0000000111cfe6b0 00000000000000bc
0x000000030db41bd8:   000000030db41cb8 000000030db41c48
0x000000030db41be8:   000000011beca788 0000000000000047
0x000000030db41bf8:   000000011beca751 000000030db41c00
0x000000030db41c08:   000000080069cb27 000000030db41cb8
0x000000030db41c18:   00000008000dd288 0000000000000000
0x000000030db41c28:   00000007bfd11730 00000008000dcbf8
0x000000030db41c38:   0000000000000000 000000030db41c98
0x000000030db41c48:   000000030db41d08 000000011beb8335
0x000000030db41c58:   000000070f175128 0000000000000000
0x000000030db41c68:   000000000000000a 0000000000000001
0x000000030db41c78:   0000000000000046 000000070f175128
0x000000030db41c88:   000000070f9fd6f8 000000070f9fd760
0x000000030db41c98:   00000000000001c2 000000070028c468
0x000000030db41ca8:   000000070f9fcdf0 000000070f9fadc0
0x000000030db41cb8:   000000070f9fad48 000000030db41cc0
0x000000030db41cc8:   00000008006133a1 000000030db41d88
0x000000030db41cd8:   000000080006f400 0000000000000000
0x000000030db41ce8:   00000007bfd02fd8 00000008000701a0
0x000000030db41cf8:   000000030db41c98 000000030db41d78 

Instructions: (pc=0x0000000000000000)
0xffffffffffffff00:   


Stack slot to memory mapping:
stack at sp + 0 slots: 0x000000030db41b98 is pointing into the stack for thread: 0x00007fde6a80dc00
stack at sp + 1 slots: 0x0 is NULL
stack at sp + 2 slots: 0x000000080069cb27 is pointing into metadata
stack at sp + 3 slots: 0x00007fde6a80dc00 is a thread
stack at sp + 4 slots: 0x00007fde6a80dc00 is a thread
stack at sp + 5 slots: 0x000000030db41b80 is pointing into the stack for thread: 0x00007fde6a80dc00
stack at sp + 6 slots: 0x0000000112009aaf: _ZNK12MemAllocator8allocateEv+0xef in /Users/neogeo/Library/Java/JavaVirtualMachines/openjdk-16.0.2/Contents/Home/lib/server/libjvm.dylib at 0x0000000111800000
stack at sp + 7 slots: 0x000000030db41b98 is pointing into the stack for thread: 0x00007fde6a80dc00


---------------  P R O C E S S  ---------------

Threads class SMR info:
_java_thread_list=0x00007fde3ce585f0, length=14, elements={
0x00007fde6a80dc00, 0x00007fde59832c00, 0x00007fde59835400, 0x00007fde698e5c00,
0x00007fde6a80d400, 0x00007fde6a80ee00, 0x00007fde6a811a00, 0x00007fde6a009600,
0x00007fde698e6e00, 0x00007fde6a813800, 0x00007fde69014e00, 0x00007fde691b1800,
0x00007fde6a811000, 0x00007fde6ab3fa00
}

Java Threads: ( => current thread )
=>0x00007fde6a80dc00 JavaThread "main" [_thread_in_vm, id=6915, stack(0x000000030da44000,0x000000030db44000)]
  0x00007fde59832c00 JavaThread "Reference Handler" daemon [_thread_blocked, id=22107, stack(0x000000030e159000,0x000000030e259000)]
  0x00007fde59835400 JavaThread "Finalizer" daemon [_thread_blocked, id=43011, stack(0x000000030e25c000,0x000000030e35c000)]
  0x00007fde698e5c00 JavaThread "Signal Dispatcher" daemon [_thread_blocked, id=40963, stack(0x000000030e46f000,0x000000030e56f000)]
  0x00007fde6a80d400 JavaThread "Service Thread" daemon [_thread_blocked, id=40707, stack(0x000000030e572000,0x000000030e672000)]
  0x00007fde6a80ee00 JavaThread "Monitor Deflation Thread" daemon [_thread_blocked, id=40195, stack(0x000000030e675000,0x000000030e775000)]
  0x00007fde6a811a00 JavaThread "C1 CompilerThread0" daemon [_thread_blocked, id=25091, stack(0x000000030e778000,0x000000030e878000)]
  0x00007fde6a009600 JavaThread "Sweeper thread" daemon [_thread_blocked, id=39427, stack(0x000000030e87b000,0x000000030e97b000)]
  0x00007fde698e6e00 JavaThread "Common-Cleaner" daemon [_thread_blocked, id=38519, stack(0x000000030e97e000,0x000000030ea7e000)]
  0x00007fde6a813800 JavaThread "Monitor Ctrl-Break" daemon [_thread_in_native, id=37727, stack(0x000000030ea81000,0x000000030eb81000)]
  0x00007fde69014e00 JavaThread "Attach Listener" daemon [_thread_blocked, id=26115, stack(0x000000030eb84000,0x000000030ec84000)]
  0x00007fde691b1800 JavaThread "Notification Thread" daemon [_thread_blocked, id=27931, stack(0x000000030ed0a000,0x000000030ee0a000)]
  0x00007fde6a811000 JavaThread "RMI TCP Accept-0" daemon [_thread_in_native, id=35595, stack(0x000000030ee0d000,0x000000030ef0d000)]
  0x00007fde6ab3fa00 JavaThread "Thread-0" [_thread_in_vm, id=31303, stack(0x000000030f522000,0x000000030f622000)]

Other Threads:
  0x00007fde68d4d080 VMThread "VM Thread" [stack: 0x000000030e056000,0x000000030e156000] [id=16387]
  0x00007fde3cbeebf0 WatcherThread [stack: 0x000000030ef10000,0x000000030f010000] [id=34919]
  0x00007fde6b209f80 GCTaskThread "GC Thread#0" [stack: 0x000000030db47000,0x000000030dc47000] [id=18947]
  0x00007fde3cd4dc70 GCTaskThread "GC Thread#1" [stack: 0x000000030f013000,0x000000030f113000] [id=34479]
  0x00007fde3cd4e680 GCTaskThread "GC Thread#2" [stack: 0x000000030f116000,0x000000030f216000] [id=34051]
  0x00007fde3cd4f0d0 GCTaskThread "GC Thread#3" [stack: 0x000000030f219000,0x000000030f319000] [id=29187]
  0x00007fde3cc80480 GCTaskThread "GC Thread#4" [stack: 0x000000030f31c000,0x000000030f41c000] [id=29443]
  0x00007fde3cd4ff10 GCTaskThread "GC Thread#5" [stack: 0x000000030f41f000,0x000000030f51f000] [id=33283]
  0x00007fde3ce2e790 GCTaskThread "GC Thread#6" [stack: 0x000000030f625000,0x000000030f725000] [id=32883]
  0x00007fde3ce2f170 GCTaskThread "GC Thread#7" [stack: 0x000000030f728000,0x000000030f828000] [id=31747]
  0x00007fde6b20af10 ConcurrentGCThread "G1 Main Marker" [stack: 0x000000030dc4a000,0x000000030dd4a000] [id=14083]
  0x00007fde68c04390 ConcurrentGCThread "G1 Conc#0" [stack: 0x000000030dd4d000,0x000000030de4d000] [id=14595]
  0x00007fde68d40f20 ConcurrentGCThread "G1 Refine#0" [stack: 0x000000030de50000,0x000000030df50000] [id=15363]
  0x00007fde6b1046d0 ConcurrentGCThread "G1 Service" [stack: 0x000000030df53000,0x000000030e053000] [id=17923]

Threads with active compile tasks:

VM state: not at safepoint (normal execution)

VM Mutex/Monitor currently owned by a thread: None

Heap address: 0x0000000700000000, size: 4096 MB, Compressed Oops mode: Zero based, Oop shift amount: 3

CDS archive(s) mapped at: [0x0000000800000000-0x0000000800bb9000-0x0000000800bb9000), size 12292096, SharedBaseAddress: 0x0000000800000000, ArchiveRelocationMode: 0.
Compressed class space mapped at: 0x0000000800c00000-0x0000000840c00000, reserved size: 1073741824
Narrow klass base: 0x0000000800000000, Narrow klass shift: 3, Narrow klass range: 0x100000000

GC Precious Log:
 CPUs: 8 total, 8 available
 Memory: 16384M
 Large Page Support: Disabled
 NUMA Support: Disabled
 Compressed Oops: Enabled (Zero based)
 Heap Region Size: 2M
 Heap Min Capacity: 8M
 Heap Initial Capacity: 256M
 Heap Max Capacity: 4G
 Pre-touch: Disabled
 Parallel Workers: 8
 Concurrent Workers: 2
 Concurrent Refinement Workers: 8
 Periodic GC: Disabled

Heap:
 garbage-first heap   total 266240K, used 22732K [0x0000000700000000, 0x0000000800000000)
  region size 2048K, 9 young (18432K), 1 survivors (2048K)
 Metaspace       used 14458K, committed 14784K, reserved 1064960K
  class space    used 1893K, committed 2048K, reserved 1048576K

Heap Regions: E=young(eden), S=young(survivor), O=old, HS=humongous(starts), HC=humongous(continues), CS=collection set, F=free, OA=open archive, CA=closed archive, TAMS=top-at-mark-start (previous, next)
|   0|0x0000000700000000, 0x0000000700200000, 0x0000000700200000|100%| O|  |TAMS 0x0000000700000000, 0x0000000700000000| Untracked 
|   1|0x0000000700200000, 0x0000000700400000, 0x0000000700400000|100%| O|  |TAMS 0x0000000700200000, 0x0000000700200000| Untracked 
|   2|0x0000000700400000, 0x0000000700600000, 0x0000000700600000|100%| O|  |TAMS 0x0000000700400000, 0x0000000700400000| Untracked 
|   3|0x0000000700600000, 0x0000000700690e00, 0x0000000700800000| 28%| O|  |TAMS 0x0000000700600000, 0x0000000700600000| Untracked 
|   4|0x0000000700800000, 0x0000000700800000, 0x0000000700a00000|  0%| F|  |TAMS 0x0000000700800000, 0x0000000700800000| Untracked 
|   5|0x0000000700a00000, 0x0000000700a00000, 0x0000000700c00000|  0%| F|  |TAMS 0x0000000700a00000, 0x0000000700a00000| Untracked 
|   6|0x0000000700c00000, 0x0000000700c00000, 0x0000000700e00000|  0%| F|  |TAMS 0x0000000700c00000, 0x0000000700c00000| Untracked 
|   7|0x0000000700e00000, 0x0000000700e00000, 0x0000000701000000|  0%| F|  |TAMS 0x0000000700e00000, 0x0000000700e00000| Untracked 
|   8|0x0000000701000000, 0x0000000701000000, 0x0000000701200000|  0%| F|  |TAMS 0x0000000701000000, 0x0000000701000000| Untracked 
|   9|0x0000000701200000, 0x0000000701200000, 0x0000000701400000|  0%| F|  |TAMS 0x0000000701200000, 0x0000000701200000| Untracked 
|  10|0x0000000701400000, 0x0000000701400000, 0x0000000701600000|  0%| F|  |TAMS 0x0000000701400000, 0x0000000701400000| Untracked 
|  11|0x0000000701600000, 0x0000000701600000, 0x0000000701800000|  0%| F|  |TAMS 0x0000000701600000, 0x0000000701600000| Untracked 
|  12|0x0000000701800000, 0x0000000701800000, 0x0000000701a00000|  0%| F|  |TAMS 0x0000000701800000, 0x0000000701800000| Untracked 
|  13|0x0000000701a00000, 0x0000000701a00000, 0x0000000701c00000|  0%| F|  |TAMS 0x0000000701a00000, 0x0000000701a00000| Untracked 
|  14|0x0000000701c00000, 0x0000000701c00000, 0x0000000701e00000|  0%| F|  |TAMS 0x0000000701c00000, 0x0000000701c00000| Untracked 
|  15|0x0000000701e00000, 0x0000000701e00000, 0x0000000702000000|  0%| F|  |TAMS 0x0000000701e00000, 0x0000000701e00000| Untracked 
|  16|0x0000000702000000, 0x0000000702000000, 0x0000000702200000|  0%| F|  |TAMS 0x0000000702000000, 0x0000000702000000| Untracked 
|  17|0x0000000702200000, 0x0000000702200000, 0x0000000702400000|  0%| F|  |TAMS 0x0000000702200000, 0x0000000702200000| Untracked 
|  18|0x0000000702400000, 0x0000000702400000, 0x0000000702600000|  0%| F|  |TAMS 0x0000000702400000, 0x0000000702400000| Untracked 
|  19|0x0000000702600000, 0x0000000702600000, 0x0000000702800000|  0%| F|  |TAMS 0x0000000702600000, 0x0000000702600000| Untracked 
|  20|0x0000000702800000, 0x0000000702800000, 0x0000000702a00000|  0%| F|  |TAMS 0x0000000702800000, 0x0000000702800000| Untracked 
|  21|0x0000000702a00000, 0x0000000702a00000, 0x0000000702c00000|  0%| F|  |TAMS 0x0000000702a00000, 0x0000000702a00000| Untracked 
|  22|0x0000000702c00000, 0x0000000702c00000, 0x0000000702e00000|  0%| F|  |TAMS 0x0000000702c00000, 0x0000000702c00000| Untracked 
|  23|0x0000000702e00000, 0x0000000702e00000, 0x0000000703000000|  0%| F|  |TAMS 0x0000000702e00000, 0x0000000702e00000| Untracked 
|  24|0x0000000703000000, 0x0000000703000000, 0x0000000703200000|  0%| F|  |TAMS 0x0000000703000000, 0x0000000703000000| Untracked 
|  25|0x0000000703200000, 0x0000000703200000, 0x0000000703400000|  0%| F|  |TAMS 0x0000000703200000, 0x0000000703200000| Untracked 
|  26|0x0000000703400000, 0x0000000703400000, 0x0000000703600000|  0%| F|  |TAMS 0x0000000703400000, 0x0000000703400000| Untracked 
|  27|0x0000000703600000, 0x0000000703600000, 0x0000000703800000|  0%| F|  |TAMS 0x0000000703600000, 0x0000000703600000| Untracked 
|  28|0x0000000703800000, 0x0000000703800000, 0x0000000703a00000|  0%| F|  |TAMS 0x0000000703800000, 0x0000000703800000| Untracked 
|  29|0x0000000703a00000, 0x0000000703a00000, 0x0000000703c00000|  0%| F|  |TAMS 0x0000000703a00000, 0x0000000703a00000| Untracked 
|  30|0x0000000703c00000, 0x0000000703c00000, 0x0000000703e00000|  0%| F|  |TAMS 0x0000000703c00000, 0x0000000703c00000| Untracked 
|  31|0x0000000703e00000, 0x0000000703e00000, 0x0000000704000000|  0%| F|  |TAMS 0x0000000703e00000, 0x0000000703e00000| Untracked 
|  32|0x0000000704000000, 0x0000000704000000, 0x0000000704200000|  0%| F|  |TAMS 0x0000000704000000, 0x0000000704000000| Untracked 
|  33|0x0000000704200000, 0x0000000704200000, 0x0000000704400000|  0%| F|  |TAMS 0x0000000704200000, 0x0000000704200000| Untracked 
|  34|0x0000000704400000, 0x0000000704400000, 0x0000000704600000|  0%| F|  |TAMS 0x0000000704400000, 0x0000000704400000| Untracked 
|  35|0x0000000704600000, 0x0000000704600000, 0x0000000704800000|  0%| F|  |TAMS 0x0000000704600000, 0x0000000704600000| Untracked 
|  36|0x0000000704800000, 0x0000000704800000, 0x0000000704a00000|  0%| F|  |TAMS 0x0000000704800000, 0x0000000704800000| Untracked 
|  37|0x0000000704a00000, 0x0000000704a00000, 0x0000000704c00000|  0%| F|  |TAMS 0x0000000704a00000, 0x0000000704a00000| Untracked 
|  38|0x0000000704c00000, 0x0000000704c00000, 0x0000000704e00000|  0%| F|  |TAMS 0x0000000704c00000, 0x0000000704c00000| Untracked 
|  39|0x0000000704e00000, 0x0000000704e00000, 0x0000000705000000|  0%| F|  |TAMS 0x0000000704e00000, 0x0000000704e00000| Untracked 
|  40|0x0000000705000000, 0x0000000705000000, 0x0000000705200000|  0%| F|  |TAMS 0x0000000705000000, 0x0000000705000000| Untracked 
|  41|0x0000000705200000, 0x0000000705200000, 0x0000000705400000|  0%| F|  |TAMS 0x0000000705200000, 0x0000000705200000| Untracked 
|  42|0x0000000705400000, 0x0000000705400000, 0x0000000705600000|  0%| F|  |TAMS 0x0000000705400000, 0x0000000705400000| Untracked 
|  43|0x0000000705600000, 0x0000000705600000, 0x0000000705800000|  0%| F|  |TAMS 0x0000000705600000, 0x0000000705600000| Untracked 
|  44|0x0000000705800000, 0x0000000705800000, 0x0000000705a00000|  0%| F|  |TAMS 0x0000000705800000, 0x0000000705800000| Untracked 
|  45|0x0000000705a00000, 0x0000000705a00000, 0x0000000705c00000|  0%| F|  |TAMS 0x0000000705a00000, 0x0000000705a00000| Untracked 
|  46|0x0000000705c00000, 0x0000000705c00000, 0x0000000705e00000|  0%| F|  |TAMS 0x0000000705c00000, 0x0000000705c00000| Untracked 
|  47|0x0000000705e00000, 0x0000000705e00000, 0x0000000706000000|  0%| F|  |TAMS 0x0000000705e00000, 0x0000000705e00000| Untracked 
|  48|0x0000000706000000, 0x0000000706000000, 0x0000000706200000|  0%| F|  |TAMS 0x0000000706000000, 0x0000000706000000| Untracked 
|  49|0x0000000706200000, 0x0000000706200000, 0x0000000706400000|  0%| F|  |TAMS 0x0000000706200000, 0x0000000706200000| Untracked 
|  50|0x0000000706400000, 0x0000000706400000, 0x0000000706600000|  0%| F|  |TAMS 0x0000000706400000, 0x0000000706400000| Untracked 
|  51|0x0000000706600000, 0x0000000706600000, 0x0000000706800000|  0%| F|  |TAMS 0x0000000706600000, 0x0000000706600000| Untracked 
|  52|0x0000000706800000, 0x0000000706800000, 0x0000000706a00000|  0%| F|  |TAMS 0x0000000706800000, 0x0000000706800000| Untracked 
|  53|0x0000000706a00000, 0x0000000706a00000, 0x0000000706c00000|  0%| F|  |TAMS 0x0000000706a00000, 0x0000000706a00000| Untracked 
|  54|0x0000000706c00000, 0x0000000706c00000, 0x0000000706e00000|  0%| F|  |TAMS 0x0000000706c00000, 0x0000000706c00000| Untracked 
|  55|0x0000000706e00000, 0x0000000706e00000, 0x0000000707000000|  0%| F|  |TAMS 0x0000000706e00000, 0x0000000706e00000| Untracked 
|  56|0x0000000707000000, 0x0000000707000000, 0x0000000707200000|  0%| F|  |TAMS 0x0000000707000000, 0x0000000707000000| Untracked 
|  57|0x0000000707200000, 0x0000000707200000, 0x0000000707400000|  0%| F|  |TAMS 0x0000000707200000, 0x0000000707200000| Untracked 
|  58|0x0000000707400000, 0x0000000707400000, 0x0000000707600000|  0%| F|  |TAMS 0x0000000707400000, 0x0000000707400000| Untracked 
|  59|0x0000000707600000, 0x0000000707600000, 0x0000000707800000|  0%| F|  |TAMS 0x0000000707600000, 0x0000000707600000| Untracked 
|  60|0x0000000707800000, 0x0000000707800000, 0x0000000707a00000|  0%| F|  |TAMS 0x0000000707800000, 0x0000000707800000| Untracked 
|  61|0x0000000707a00000, 0x0000000707a00000, 0x0000000707c00000|  0%| F|  |TAMS 0x0000000707a00000, 0x0000000707a00000| Untracked 
|  62|0x0000000707c00000, 0x0000000707c00000, 0x0000000707e00000|  0%| F|  |TAMS 0x0000000707c00000, 0x0000000707c00000| Untracked 
|  63|0x0000000707e00000, 0x0000000707e00000, 0x0000000708000000|  0%| F|  |TAMS 0x0000000707e00000, 0x0000000707e00000| Untracked 
|  64|0x0000000708000000, 0x0000000708000000, 0x0000000708200000|  0%| F|  |TAMS 0x0000000708000000, 0x0000000708000000| Untracked 
|  65|0x0000000708200000, 0x0000000708200000, 0x0000000708400000|  0%| F|  |TAMS 0x0000000708200000, 0x0000000708200000| Untracked 
|  66|0x0000000708400000, 0x0000000708400000, 0x0000000708600000|  0%| F|  |TAMS 0x0000000708400000, 0x0000000708400000| Untracked 
|  67|0x0000000708600000, 0x0000000708600000, 0x0000000708800000|  0%| F|  |TAMS 0x0000000708600000, 0x0000000708600000| Untracked 
|  68|0x0000000708800000, 0x0000000708800000, 0x0000000708a00000|  0%| F|  |TAMS 0x0000000708800000, 0x0000000708800000| Untracked 
|  69|0x0000000708a00000, 0x0000000708a00000, 0x0000000708c00000|  0%| F|  |TAMS 0x0000000708a00000, 0x0000000708a00000| Untracked 
|  70|0x0000000708c00000, 0x0000000708c00000, 0x0000000708e00000|  0%| F|  |TAMS 0x0000000708c00000, 0x0000000708c00000| Untracked 
|  71|0x0000000708e00000, 0x0000000708e00000, 0x0000000709000000|  0%| F|  |TAMS 0x0000000708e00000, 0x0000000708e00000| Untracked 
|  72|0x0000000709000000, 0x0000000709000000, 0x0000000709200000|  0%| F|  |TAMS 0x0000000709000000, 0x0000000709000000| Untracked 
|  73|0x0000000709200000, 0x0000000709200000, 0x0000000709400000|  0%| F|  |TAMS 0x0000000709200000, 0x0000000709200000| Untracked 
|  74|0x0000000709400000, 0x0000000709400000, 0x0000000709600000|  0%| F|  |TAMS 0x0000000709400000, 0x0000000709400000| Untracked 
|  75|0x0000000709600000, 0x0000000709600000, 0x0000000709800000|  0%| F|  |TAMS 0x0000000709600000, 0x0000000709600000| Untracked 
|  76|0x0000000709800000, 0x0000000709800000, 0x0000000709a00000|  0%| F|  |TAMS 0x0000000709800000, 0x0000000709800000| Untracked 
|  77|0x0000000709a00000, 0x0000000709a00000, 0x0000000709c00000|  0%| F|  |TAMS 0x0000000709a00000, 0x0000000709a00000| Untracked 
|  78|0x0000000709c00000, 0x0000000709c00000, 0x0000000709e00000|  0%| F|  |TAMS 0x0000000709c00000, 0x0000000709c00000| Untracked 
|  79|0x0000000709e00000, 0x0000000709e00000, 0x000000070a000000|  0%| F|  |TAMS 0x0000000709e00000, 0x0000000709e00000| Untracked 
|  80|0x000000070a000000, 0x000000070a000000, 0x000000070a200000|  0%| F|  |TAMS 0x000000070a000000, 0x000000070a000000| Untracked 
|  81|0x000000070a200000, 0x000000070a200000, 0x000000070a400000|  0%| F|  |TAMS 0x000000070a200000, 0x000000070a200000| Untracked 
|  82|0x000000070a400000, 0x000000070a400000, 0x000000070a600000|  0%| F|  |TAMS 0x000000070a400000, 0x000000070a400000| Untracked 
|  83|0x000000070a600000, 0x000000070a600000, 0x000000070a800000|  0%| F|  |TAMS 0x000000070a600000, 0x000000070a600000| Untracked 
|  84|0x000000070a800000, 0x000000070a800000, 0x000000070aa00000|  0%| F|  |TAMS 0x000000070a800000, 0x000000070a800000| Untracked 
|  85|0x000000070aa00000, 0x000000070aa00000, 0x000000070ac00000|  0%| F|  |TAMS 0x000000070aa00000, 0x000000070aa00000| Untracked 
|  86|0x000000070ac00000, 0x000000070ac00000, 0x000000070ae00000|  0%| F|  |TAMS 0x000000070ac00000, 0x000000070ac00000| Untracked 
|  87|0x000000070ae00000, 0x000000070ae00000, 0x000000070b000000|  0%| F|  |TAMS 0x000000070ae00000, 0x000000070ae00000| Untracked 
|  88|0x000000070b000000, 0x000000070b000000, 0x000000070b200000|  0%| F|  |TAMS 0x000000070b000000, 0x000000070b000000| Untracked 
|  89|0x000000070b200000, 0x000000070b200000, 0x000000070b400000|  0%| F|  |TAMS 0x000000070b200000, 0x000000070b200000| Untracked 
|  90|0x000000070b400000, 0x000000070b400000, 0x000000070b600000|  0%| F|  |TAMS 0x000000070b400000, 0x000000070b400000| Untracked 
|  91|0x000000070b600000, 0x000000070b600000, 0x000000070b800000|  0%| F|  |TAMS 0x000000070b600000, 0x000000070b600000| Untracked 
|  92|0x000000070b800000, 0x000000070b800000, 0x000000070ba00000|  0%| F|  |TAMS 0x000000070b800000, 0x000000070b800000| Untracked 
|  93|0x000000070ba00000, 0x000000070ba00000, 0x000000070bc00000|  0%| F|  |TAMS 0x000000070ba00000, 0x000000070ba00000| Untracked 
|  94|0x000000070bc00000, 0x000000070bc00000, 0x000000070be00000|  0%| F|  |TAMS 0x000000070bc00000, 0x000000070bc00000| Untracked 
|  95|0x000000070be00000, 0x000000070be00000, 0x000000070c000000|  0%| F|  |TAMS 0x000000070be00000, 0x000000070be00000| Untracked 
|  96|0x000000070c000000, 0x000000070c000000, 0x000000070c200000|  0%| F|  |TAMS 0x000000070c000000, 0x000000070c000000| Untracked 
|  97|0x000000070c200000, 0x000000070c200000, 0x000000070c400000|  0%| F|  |TAMS 0x000000070c200000, 0x000000070c200000| Untracked 
|  98|0x000000070c400000, 0x000000070c400000, 0x000000070c600000|  0%| F|  |TAMS 0x000000070c400000, 0x000000070c400000| Untracked 
|  99|0x000000070c600000, 0x000000070c600000, 0x000000070c800000|  0%| F|  |TAMS 0x000000070c600000, 0x000000070c600000| Untracked 
| 100|0x000000070c800000, 0x000000070c800000, 0x000000070ca00000|  0%| F|  |TAMS 0x000000070c800000, 0x000000070c800000| Untracked 
| 101|0x000000070ca00000, 0x000000070ca00000, 0x000000070cc00000|  0%| F|  |TAMS 0x000000070ca00000, 0x000000070ca00000| Untracked 
| 102|0x000000070cc00000, 0x000000070cc00000, 0x000000070ce00000|  0%| F|  |TAMS 0x000000070cc00000, 0x000000070cc00000| Untracked 
| 103|0x000000070ce00000, 0x000000070ce00000, 0x000000070d000000|  0%| F|  |TAMS 0x000000070ce00000, 0x000000070ce00000| Untracked 
| 104|0x000000070d000000, 0x000000070d000000, 0x000000070d200000|  0%| F|  |TAMS 0x000000070d000000, 0x000000070d000000| Untracked 
| 105|0x000000070d200000, 0x000000070d200000, 0x000000070d400000|  0%| F|  |TAMS 0x000000070d200000, 0x000000070d200000| Untracked 
| 106|0x000000070d400000, 0x000000070d400000, 0x000000070d600000|  0%| F|  |TAMS 0x000000070d400000, 0x000000070d400000| Untracked 
| 107|0x000000070d600000, 0x000000070d600000, 0x000000070d800000|  0%| F|  |TAMS 0x000000070d600000, 0x000000070d600000| Untracked 
| 108|0x000000070d800000, 0x000000070d800000, 0x000000070da00000|  0%| F|  |TAMS 0x000000070d800000, 0x000000070d800000| Untracked 
| 109|0x000000070da00000, 0x000000070da00000, 0x000000070dc00000|  0%| F|  |TAMS 0x000000070da00000, 0x000000070da00000| Untracked 
| 110|0x000000070dc00000, 0x000000070dc00000, 0x000000070de00000|  0%| F|  |TAMS 0x000000070dc00000, 0x000000070dc00000| Untracked 
| 111|0x000000070de00000, 0x000000070de00000, 0x000000070e000000|  0%| F|  |TAMS 0x000000070de00000, 0x000000070de00000| Untracked 
| 112|0x000000070e000000, 0x000000070e000000, 0x000000070e200000|  0%| F|  |TAMS 0x000000070e000000, 0x000000070e000000| Untracked 
| 113|0x000000070e200000, 0x000000070e3b0300, 0x000000070e400000| 84%| S|CS|TAMS 0x000000070e200000, 0x000000070e200000| Complete 
| 114|0x000000070e400000, 0x000000070e400000, 0x000000070e600000|  0%| F|  |TAMS 0x000000070e400000, 0x000000070e400000| Untracked 
| 115|0x000000070e600000, 0x000000070e600000, 0x000000070e800000|  0%| F|  |TAMS 0x000000070e600000, 0x000000070e600000| Untracked 
| 116|0x000000070e800000, 0x000000070e800000, 0x000000070ea00000|  0%| F|  |TAMS 0x000000070e800000, 0x000000070e800000| Untracked 
| 117|0x000000070ea00000, 0x000000070ea00000, 0x000000070ec00000|  0%| F|  |TAMS 0x000000070ea00000, 0x000000070ea00000| Untracked 
| 118|0x000000070ec00000, 0x000000070ec00000, 0x000000070ee00000|  0%| F|  |TAMS 0x000000070ec00000, 0x000000070ec00000| Untracked 
| 119|0x000000070ee00000, 0x000000070ee00000, 0x000000070f000000|  0%| F|  |TAMS 0x000000070ee00000, 0x000000070ee00000| Untracked 
| 120|0x000000070f000000, 0x000000070f200000, 0x000000070f200000|100%| E|  |TAMS 0x000000070f000000, 0x000000070f000000| Complete 
| 121|0x000000070f200000, 0x000000070f400000, 0x000000070f400000|100%| E|  |TAMS 0x000000070f200000, 0x000000070f200000| Complete 
| 122|0x000000070f400000, 0x000000070f600000, 0x000000070f600000|100%| E|CS|TAMS 0x000000070f400000, 0x000000070f400000| Complete 
| 123|0x000000070f600000, 0x000000070f800000, 0x000000070f800000|100%| E|CS|TAMS 0x000000070f600000, 0x000000070f600000| Complete 
| 124|0x000000070f800000, 0x000000070fa00000, 0x000000070fa00000|100%| E|CS|TAMS 0x000000070f800000, 0x000000070f800000| Complete 
| 125|0x000000070fa00000, 0x000000070fc00000, 0x000000070fc00000|100%| E|CS|TAMS 0x000000070fa00000, 0x000000070fa00000| Complete 
| 126|0x000000070fc00000, 0x000000070fe00000, 0x000000070fe00000|100%| E|CS|TAMS 0x000000070fc00000, 0x000000070fc00000| Complete 
| 127|0x000000070fe00000, 0x0000000710000000, 0x0000000710000000|100%| E|CS|TAMS 0x000000070fe00000, 0x000000070fe00000| Complete 
|1534|0x00000007bfc00000, 0x00000007bfd75000, 0x00000007bfe00000| 72%|OA|  |TAMS 0x00000007bfc00000, 0x00000007bfc00000| Untracked 
|1535|0x00000007bfe00000, 0x00000007bfe7d000, 0x00000007c0000000| 24%|CA|  |TAMS 0x00000007bfe00000, 0x00000007bfe00000| Untracked 

Card table byte_map: [0x000000012b6af000,0x000000012beaf000] _byte_map_base: 0x0000000127eaf000

Marking Bits (Prev, Next): (CMBitMap*) 0x00007fde59822410, (CMBitMap*) 0x00007fde59822450
 Prev Bits: [0x000000012c6af000, 0x00000001306af000)
 Next Bits: [0x00000001306af000, 0x00000001346af000)

Polling page: 0x0000000104bf7000

Metaspace:

Usage:
  Non-class:     12.27 MB used.
      Class:      1.85 MB used.
       Both:     14.12 MB used.

Virtual space:
  Non-class space:       16.00 MB reserved,      12.44 MB ( 78%) committed,  2 nodes.
      Class space:        1.00 GB reserved,       2.00 MB ( <1%) committed,  1 nodes.
              Both:        1.02 GB reserved,      14.44 MB (  1%) committed. 

Chunk freelists:
   Non-Class:  3.36 MB
       Class:  2.04 MB
        Both:  5.40 MB

MaxMetaspaceSize: 17179869184.00 GB
CompressedClassSpaceSize: 1.00 GB
 - commit_granule_bytes: 65536.
 - commit_granule_words: 8192.
 - virtual_space_node_default_size: 1048576.
 - enlarge_chunks_in_place: 1.
 - new_chunks_are_fully_committed: 0.
 - uncommit_free_chunks: 1.
 - use_allocation_guard: 0.
 - handle_deallocations: 1.


Internal statistics:

num_allocs_failed_limit: 0.
num_arena_births: 230.
num_arena_deaths: 0.
num_vsnodes_births: 3.
num_vsnodes_deaths: 0.
num_space_committed: 231.
num_space_uncommitted: 0.
num_chunks_returned_to_freelist: 0.
num_chunks_taken_from_freelist: 659.
num_chunk_merges: 0.
num_chunk_splits: 439.
num_chunks_enlarged: 324.
num_purges: 0.

CodeHeap 'non-profiled nmethods': size=238384Kb used=3694Kb max_used=3694Kb free=234689Kb
 bounds [0x000000011c5e3000, 0x000000011c983000, 0x000000012aeaf000]
CodeHeap 'non-nmethods': size=7376Kb used=1194Kb max_used=1194Kb free=6181Kb
 bounds [0x000000011beaf000, 0x000000011c11f000, 0x000000011c5e3000]
 total_blobs=2522 nmethods=2027 adapters=424
 compilation: enabled
              stopped_count=0, restarted_count=0
 full_count=0

Compilation events (20 events):
Event: 2.521 Thread 0x00007fde6a811a00 2013       1       java.lang.Class::annotationData (44 bytes)
Event: 2.521 Thread 0x00007fde6a811a00 nmethod 2013 0x000000011c973b10 code [0x000000011c973cc0, 0x000000011c973ea0]
Event: 2.522 Thread 0x00007fde6a811a00 2014       1       org.springframework.core.annotation.TypeMappedAnnotations::access$100 (7 bytes)
Event: 2.522 Thread 0x00007fde6a811a00 nmethod 2014 0x000000011c974090 code [0x000000011c974220, 0x000000011c9742e0]
Event: 2.522 Thread 0x00007fde6a811a00 2015       1       org.springframework.core.annotation.TypeMappedAnnotations::isMappingForType (41 bytes)
Event: 2.523 Thread 0x00007fde6a811a00 nmethod 2015 0x000000011c974390 code [0x000000011c974540, 0x000000011c9746c0]
Event: 2.532 Thread 0x00007fde6a811a00 2016   !   1       java.util.concurrent.ConcurrentHashMap::transfer (849 bytes)
Event: 2.534 Thread 0x00007fde6a811a00 nmethod 2016 0x000000011c974990 code [0x000000011c974ca0, 0x000000011c976820]
Event: 2.539 Thread 0x00007fde6a811a00 2017 %     1       java.util.Properties::load0 @ 29 (249 bytes)
Event: 2.539 Thread 0x00007fde6a811a00 nmethod 2017% 0x000000011c978790 code [0x000000011c978980, 0x000000011c978e60]
Event: 2.539 Thread 0x00007fde6a811a00 2018       1       java.util.Properties::load0 (249 bytes)
Event: 2.540 Thread 0x00007fde6a811a00 nmethod 2018 0x000000011c979510 code [0x000000011c979700, 0x000000011c979ac0]
Event: 2.541 Thread 0x00007fde6a811a00 2019       1       java.util.concurrent.ConcurrentHashMap$EntryIterator::next (5 bytes)
Event: 2.541 Thread 0x00007fde6a811a00 nmethod 2019 0x000000011c97a110 code [0x000000011c97a2a0, 0x000000011c97a380]
Event: 2.541 Thread 0x00007fde6a811a00 2020       1       java.util.concurrent.ConcurrentHashMap$EntryIterator::next (51 bytes)
Event: 2.542 Thread 0x00007fde6a811a00 nmethod 2020 0x000000011c97a410 code [0x000000011c97a5e0, 0x000000011c97a970]
Event: 2.542 Thread 0x00007fde6a811a00 2021       1       java.util.concurrent.ConcurrentHashMap$MapEntry::<init> (20 bytes)
Event: 2.542 Thread 0x00007fde6a811a00 nmethod 2021 0x000000011c97ac10 code [0x000000011c97ada0, 0x000000011c97af90]
Event: 2.545 Thread 0x00007fde6a811a00 2022       1       java.util.ArrayDeque::addLast (51 bytes)
Event: 2.545 Thread 0x00007fde6a811a00 nmethod 2022 0x000000011c97b090 code [0x000000011c97b260, 0x000000011c97b530]

GC Heap History (4 events):
Event: 1.987 GC heap before
{Heap before GC invocations=0 (full 0):
 garbage-first heap   total 266240K, used 24520K [0x0000000700000000, 0x0000000800000000)
  region size 2048K, 11 young (22528K), 0 survivors (0K)
 Metaspace       used 7038K, committed 7296K, reserved 1056768K
  class space    used 851K, committed 960K, reserved 1048576K
}
Event: 2.011 GC heap after
{Heap after GC invocations=1 (full 0):
 garbage-first heap   total 266240K, used 8276K [0x0000000700000000, 0x0000000800000000)
  region size 2048K, 2 young (4096K), 2 survivors (4096K)
 Metaspace       used 7038K, committed 7296K, reserved 1056768K
  class space    used 851K, committed 960K, reserved 1048576K
}
Event: 2.394 GC heap before
{Heap before GC invocations=1 (full 0):
 garbage-first heap   total 266240K, used 32852K [0x0000000700000000, 0x0000000800000000)
  region size 2048K, 14 young (28672K), 2 survivors (4096K)
 Metaspace       used 12569K, committed 12800K, reserved 1064960K
  class space    used 1627K, committed 1728K, reserved 1048576K
}
Event: 2.401 GC heap after
{Heap after GC invocations=2 (full 0):
 garbage-first heap   total 266240K, used 10444K [0x0000000700000000, 0x0000000800000000)
  region size 2048K, 1 young (2048K), 1 survivors (2048K)
 Metaspace       used 12569K, committed 12800K, reserved 1064960K
  class space    used 1627K, committed 1728K, reserved 1048576K
}

Deoptimization events (0 events):
No events

Classes unloaded (0 events):
No events

Classes redefined (0 events):
No events

Internal exceptions (20 events):
Event: 2.422 Thread 0x00007fde6a9f6200 Exception <a 'java/lang/NoSuchMethodError'{0x000000070ffad8e8}: 'long java.lang.invoke.DirectMethodHandle$Holder.invokeStatic(java.lang.Object, java.lang.Object)'> (0x000000070ffad8e8) 
thrown [./open/src/hotspot/share/interpreter/linkResolver.cpp, line 790]
Event: 2.422 Thread 0x00007fde6a9f6200 Exception <a 'java/lang/NoSuchMethodError'{0x000000070ffb10c8}: 'long java.lang.invoke.DirectMethodHandle$Holder.invokeStaticInit(java.lang.Object, java.lang.Object)'> (0x000000070ffb10c8) 
thrown [./open/src/hotspot/share/interpreter/linkResolver.cpp, line 790]
Event: 2.425 Thread 0x00007fde6a9f6200 Exception <a 'java/lang/NoSuchMethodError'{0x000000070ffd8a18}: 'long java.lang.invoke.DirectMethodHandle$Holder.invokeInterface(java.lang.Object, java.lang.Object)'> (0x000000070ffd8a18) 
thrown [./open/src/hotspot/share/interpreter/linkResolver.cpp, line 790]
Event: 2.425 Thread 0x00007fde6a9f6200 Exception <a 'java/lang/IncompatibleClassChangeError'{0x000000070ffdc178}: Found class java.lang.Object, but interface was expected> (0x000000070ffdc178) 
thrown [./open/src/hotspot/share/interpreter/linkResolver.cpp, line 857]
Event: 2.430 Thread 0x00007fde6a9f6200 Exception <a 'java/lang/NoSuchMethodError'{0x000000070fc48508}: 'java.lang.Object java.lang.invoke.DirectMethodHandle$Holder.invokeVirtual(java.lang.Object, java.lang.Object, java.lang.Object, java.lang.Object)'> (0x000000070fc48508) 
thrown [./open/src/hotspot/share/interpreter/linkResolver.cpp, line 790]
Event: 2.452 Thread 0x00007fde6a80dc00 Exception <a 'java/lang/ClassNotFoundException'{0x000000070fd99018}: java/lang/ObjectCustomizer> (0x000000070fd99018) 
thrown [./open/src/hotspot/share/classfile/systemDictionary.cpp, line 256]
Event: 2.453 Thread 0x00007fde6a80dc00 Exception <a 'java/lang/IncompatibleClassChangeError'{0x000000070fd9dcd0}: Found class java.lang.Object, but interface was expected> (0x000000070fd9dcd0) 
thrown [./open/src/hotspot/share/interpreter/linkResolver.cpp, line 857]
Event: 2.456 Thread 0x00007fde6a80dc00 Exception <a 'java/lang/ClassNotFoundException'{0x000000070fdb1968}: org/springframework/context/annotation/ConfigurationClassPostProcessorCustomizer> (0x000000070fdb1968) 
thrown [./open/src/hotspot/share/classfile/systemDictionary.cpp, line 256]
Event: 2.458 Thread 0x00007fde6a80dc00 Exception <a 'java/lang/ClassNotFoundException'{0x000000070fdd4ad0}: org/springframework/beans/factory/support/BeanDefinitionRegistryPostProcessorCustomizer> (0x000000070fdd4ad0) 
thrown [./open/src/hotspot/share/classfile/systemDictionary.cpp, line 256]
Event: 2.458 Thread 0x00007fde6a80dc00 Exception <a 'java/lang/ClassNotFoundException'{0x000000070fdd9708}: org/springframework/beans/factory/config/BeanFactoryPostProcessorCustomizer> (0x000000070fdd9708) 
thrown [./open/src/hotspot/share/classfile/systemDictionary.cpp, line 256]
Event: 2.459 Thread 0x00007fde6a80dc00 Exception <a 'java/lang/ClassNotFoundException'{0x000000070fdde220}: org/springframework/core/PriorityOrderedCustomizer> (0x000000070fdde220) 
thrown [./open/src/hotspot/share/classfile/systemDictionary.cpp, line 256]
Event: 2.459 Thread 0x00007fde6a80dc00 Exception <a 'java/lang/ClassNotFoundException'{0x000000070fde17e0}: org/springframework/core/OrderedCustomizer> (0x000000070fde17e0) 
thrown [./open/src/hotspot/share/classfile/systemDictionary.cpp, line 256]
Event: 2.459 Thread 0x00007fde6a80dc00 Exception <a 'java/lang/ClassNotFoundException'{0x000000070fde6128}: org/springframework/context/ResourceLoaderAwareCustomizer> (0x000000070fde6128) 
thrown [./open/src/hotspot/share/classfile/systemDictionary.cpp, line 256]
Event: 2.459 Thread 0x00007fde6a80dc00 Exception <a 'java/lang/ClassNotFoundException'{0x000000070fdeabd8}: org/springframework/beans/factory/AwareCustomizer> (0x000000070fdeabd8) 
thrown [./open/src/hotspot/share/classfile/systemDictionary.cpp, line 256]
Event: 2.459 Thread 0x00007fde6a80dc00 Exception <a 'java/lang/ClassNotFoundException'{0x000000070fdee630}: org/springframework/context/ApplicationStartupAwareCustomizer> (0x000000070fdee630) 
thrown [./open/src/hotspot/share/classfile/systemDictionary.cpp, line 256]
Event: 2.459 Thread 0x00007fde6a80dc00 Exception <a 'java/lang/ClassNotFoundException'{0x000000070fdf3358}: org/springframework/beans/factory/AwareCustomizer> (0x000000070fdf3358) 
thrown [./open/src/hotspot/share/classfile/systemDictionary.cpp, line 256]
Event: 2.460 Thread 0x00007fde6a80dc00 Exception <a 'java/lang/ClassNotFoundException'{0x000000070fdf6dd8}: org/springframework/beans/factory/BeanClassLoaderAwareCustomizer> (0x000000070fdf6dd8) 
thrown [./open/src/hotspot/share/classfile/systemDictionary.cpp, line 256]
Event: 2.460 Thread 0x00007fde6a80dc00 Exception <a 'java/lang/ClassNotFoundException'{0x000000070fdfb8a0}: org/springframework/beans/factory/AwareCustomizer> (0x000000070fdfb8a0) 
thrown [./open/src/hotspot/share/classfile/systemDictionary.cpp, line 256]
Event: 2.460 Thread 0x00007fde6a80dc00 Exception <a 'java/lang/ClassNotFoundException'{0x000000070fdff100}: org/springframework/context/EnvironmentAwareCustomizer> (0x000000070fdff100) 
thrown [./open/src/hotspot/share/classfile/systemDictionary.cpp, line 256]
Event: 2.460 Thread 0x00007fde6a80dc00 Exception <a 'java/lang/ClassNotFoundException'{0x000000070fa04030}: org/springframework/beans/factory/AwareCustomizer> (0x000000070fa04030) 
thrown [./open/src/hotspot/share/classfile/systemDictionary.cpp, line 256]

Events (20 events):
Event: 2.456 loading class java/beans/SimpleBeanInfo done
Event: 2.456 loading class java/beans/GenericBeanInfo done
Event: 2.457 loading class java/util/Hashtable$EntrySet
Event: 2.457 loading class java/util/Hashtable$EntrySet done
Event: 2.458 loading class java/util/AbstractList$ListItr
Event: 2.458 loading class java/util/AbstractList$ListItr done
Event: 2.466 Executing  VM operation: HandshakeAllThreads
Event: 2.466 Executing  VM operation: HandshakeAllThreads done
Event: 2.475 loading class java/util/regex/Pattern$LazyLoop
Event: 2.475 loading class java/util/regex/Pattern$Loop
Event: 2.475 loading class java/util/regex/Pattern$Loop done
Event: 2.475 loading class java/util/regex/Pattern$LazyLoop done
Event: 2.475 loading class java/util/regex/Pattern$Prolog
Event: 2.475 loading class java/util/regex/Pattern$Prolog done
Event: 2.543 Thread 0x00007fde6ab3fa00 Thread added: 0x00007fde6ab3fa00
Event: 2.543 Protecting memory [0x000000030f522000,0x000000030f526000] with protection modes 0
Event: 2.549 loading class javax/naming/ldap/LdapContext
Event: 2.549 loading class javax/naming/directory/DirContext
Event: 2.549 loading class javax/naming/directory/DirContext done
Event: 2.549 loading class javax/naming/ldap/LdapContext done


Dynamic libraries:
0x00007ffdffedf000 	/usr/libexec/rosetta/runtime
0x000000010cbfd000 	/Library/Apple/usr/libexec/oah/libRosettaRuntime
0x00007fff2a63b000 	/usr/lib/libz.1.dylib
0x000000010d0fd000 	/Users/neogeo/Library/Java/JavaVirtualMachines/openjdk-16.0.2/Contents/Home/lib/libjli.dylib
0x00007fff351cd000 	/System/Library/Frameworks/Cocoa.framework/Versions/A/Cocoa
0x00007fff2216f000 	/System/Library/Frameworks/Security.framework/Versions/A/Security
0x00007fff333d5000 	/System/Library/Frameworks/ApplicationServices.framework/Versions/A/ApplicationServices
0x00007fff2a707000 	/usr/lib/libSystem.B.dylib
0x00007fff2a701000 	/usr/lib/system/libcache.dylib
0x00007fff2a6bd000 	/usr/lib/system/libcommonCrypto.dylib
0x00007fff2a6e7000 	/usr/lib/system/libcompiler_rt.dylib
0x00007fff2a6dc000 	/usr/lib/system/libcopyfile.dylib
0x00007fff2013e000 	/usr/lib/system/libcorecrypto.dylib
0x00007fff20209000 	/usr/lib/system/libdispatch.dylib
0x00007fff203bc000 	/usr/lib/system/libdyld.dylib
0x00007fff2a6f8000 	/usr/lib/system/libkeymgr.dylib
0x00007fff2dc65000 	/usr/lib/system/liblaunch.dylib
0x00007fff2a69b000 	/usr/lib/system/libmacho.dylib
0x00007fff29e8f000 	/usr/lib/system/libquarantine.dylib
0x00007fff2a6f5000 	/usr/lib/system/libremovefile.dylib
0x00007fff24b4b000 	/usr/lib/system/libsystem_asl.dylib
0x00007fff200ee000 	/usr/lib/system/libsystem_blocks.dylib
0x00007fff2028b000 	/usr/lib/system/libsystem_c.dylib
0x00007fff2a6ef000 	/usr/lib/system/libsystem_collections.dylib
0x00007fff29287000 	/usr/lib/system/libsystem_configuration.dylib
0x00007fff2856f000 	/usr/lib/system/libsystem_containermanager.dylib
0x00007fff2a43a000 	/usr/lib/system/libsystem_coreservices.dylib
0x00007fff22727000 	/usr/lib/system/libsystem_darwin.dylib
0x00007fff2a6f9000 	/usr/lib/system/libsystem_dnssd.dylib
0x00007fff20288000 	/usr/lib/system/libsystem_featureflags.dylib
0x00007fff20402000 	/usr/lib/system/libsystem_info.dylib
0x00007fff2a64e000 	/usr/lib/system/libsystem_m.dylib
0x00007fff201dc000 	/usr/lib/system/libsystem_malloc.dylib
0x00007fff24ade000 	/usr/lib/system/libsystem_networkextension.dylib
0x00007fff22b46000 	/usr/lib/system/libsystem_notify.dylib
0x00007fff300fc000 	/usr/lib/system/libsystem_product_info_filter.dylib
0x00007fff2928b000 	/usr/lib/system/libsystem_sandbox.dylib
0x00007fff2a6f2000 	/usr/lib/system/libsystem_secinit.dylib
0x00007fff20380000 	/usr/lib/system/libsystem_kernel.dylib
0x00007fff203f8000 	/usr/lib/system/libsystem_platform.dylib
0x00007fff203b0000 	/usr/lib/system/libsystem_pthread.dylib
0x00007fff2625c000 	/usr/lib/system/libsystem_symptoms.dylib
0x00007fff20126000 	/usr/lib/system/libsystem_trace.dylib
0x00007fff2a6c9000 	/usr/lib/system/libunwind.dylib
0x00007fff200f0000 	/usr/lib/system/libxpc.dylib
0x00007fff2036a000 	/usr/lib/libc++abi.dylib
0x00007fff2024e000 	/usr/lib/libobjc.A.dylib
0x00007fff2a6d4000 	/usr/lib/liboah.dylib
0x00007fff20314000 	/usr/lib/libc++.1.dylib
0x00007fff2042e000 	/System/Library/Frameworks/CoreFoundation.framework/Versions/A/CoreFoundation
0x00007fff21107000 	/System/Library/Frameworks/Foundation.framework/Versions/C/Foundation
0x00007fff22ba0000 	/System/Library/Frameworks/AppKit.framework/Versions/C/AppKit
0x00007fff25a8c000 	/System/Library/Frameworks/CoreData.framework/Versions/A/CoreData
0x00007fff238ec000 	/System/Library/PrivateFrameworks/UIFoundation.framework/Versions/A/UIFoundation
0x00007fff2fe8f000 	/System/Library/PrivateFrameworks/RemoteViewServices.framework/Versions/A/RemoteViewServices
0x00007fff28c35000 	/System/Library/PrivateFrameworks/XCTTargetBootstrap.framework/Versions/A/XCTTargetBootstrap
0x00007fff2b987000 	/usr/lib/libspindump.dylib
0x00007fff23b3b000 	/System/Library/Frameworks/UniformTypeIdentifiers.framework/Versions/A/UniformTypeIdentifiers
0x00007fff27439000 	/usr/lib/libapp_launch_measurement.dylib
0x00007fff2743c000 	/System/Library/PrivateFrameworks/CoreAutoLayout.framework/Versions/A/CoreAutoLayout
0x00007fff2859c000 	/System/Library/Frameworks/Metal.framework/Versions/A/Metal
0x00007fff29296000 	/usr/lib/liblangid.dylib
0x00007fff28c39000 	/System/Library/PrivateFrameworks/CoreSVG.framework/Versions/A/CoreSVG
0x00007fff24b7b000 	/System/Library/PrivateFrameworks/SkyLight.framework/Versions/A/SkyLight
0x00007fff24ee1000 	/System/Library/Frameworks/CoreGraphics.framework/Versions/A/CoreGraphics
0x00007fff303b6000 	/System/Library/Frameworks/Accelerate.framework/Versions/A/Accelerate
0x00007fff2b3c5000 	/System/Library/PrivateFrameworks/IconServices.framework/Versions/A/IconServices
0x00007fff28580000 	/System/Library/Frameworks/IOSurface.framework/Versions/A/IOSurface
0x00007fff26420000 	/usr/lib/libDiagnosticMessagesClient.dylib
0x00007fff28c21000 	/System/Library/PrivateFrameworks/DFRFoundation.framework/Versions/A/DFRFoundation
0x00007fff224c7000 	/usr/lib/libicucore.A.dylib
0x00007fff2cece000 	/System/Library/Frameworks/AudioToolbox.framework/Versions/A/AudioToolbox
0x00007fff2c156000 	/System/Library/PrivateFrameworks/DataDetectorsCore.framework/Versions/A/DataDetectorsCore
0x00007fff24aee000 	/usr/lib/libMobileGestalt.dylib
0x00007fff28925000 	/System/Library/Frameworks/Carbon.framework/Versions/A/Frameworks/HIToolbox.framework/Versions/A/HIToolbox
0x00007fff26e7e000 	/System/Library/Frameworks/QuartzCore.framework/Versions/A/QuartzCore
0x00007fff2fec7000 	/System/Library/Frameworks/Carbon.framework/Versions/A/Frameworks/SpeechRecognition.framework/Versions/A/SpeechRecognition
0x00007fff2719e000 	/System/Library/PrivateFrameworks/CoreUI.framework/Versions/A/CoreUI
0x00007fff21add000 	/System/Library/Frameworks/CoreAudio.framework/Versions/A/CoreAudio
0x00007fff2650b000 	/System/Library/Frameworks/DiskArbitration.framework/Versions/A/DiskArbitration
0x00007fff2bd54000 	/System/Library/PrivateFrameworks/MultitouchSupport.framework/Versions/A/MultitouchSupport
0x00007fff2c14d000 	/System/Library/PrivateFrameworks/InternationalSupport.framework/Versions/A/InternationalSupport
0x00007fff24aed000 	/usr/lib/libenergytrace.dylib
0x00007fff22a97000 	/System/Library/Frameworks/IOKit.framework/Versions/A/IOKit
0x00007fff301fa000 	/System/Library/Frameworks/CoreServices.framework/Versions/A/CoreServices
0x00007fff273cb000 	/System/Library/PrivateFrameworks/PerformanceAnalysis.framework/Versions/A/PerformanceAnalysis
0x00007fff6bd73000 	/System/Library/Frameworks/OpenGL.framework/Versions/A/OpenGL
0x00007fff2c1d1000 	/System/Library/PrivateFrameworks/UserActivity.framework/Versions/A/UserActivity
0x00007fff25593000 	/System/Library/Frameworks/ColorSync.framework/Versions/A/ColorSync
0x00007fff28ea4000 	/System/Library/Frameworks/CoreImage.framework/Versions/A/CoreImage
0x00007fff218f7000 	/System/Library/Frameworks/CoreText.framework/Versions/A/CoreText
0x00007fff28c63000 	/System/Library/Frameworks/ImageIO.framework/Versions/A/ImageIO
0x00007fff2a70d000 	/System/Library/PrivateFrameworks/SoftLinking.framework/Versions/A/SoftLinking
0x00007fff27484000 	/usr/lib/libxml2.2.dylib
0x00007fff2a97a000 	/usr/lib/libcompression.dylib
0x00007fff2c07f000 	/System/Library/PrivateFrameworks/TextureIO.framework/Versions/A/TextureIO
0x00007fff2b06a000 	/usr/lib/libate.dylib
0x00007fff2ad96000 	/usr/lib/liblzma.5.dylib
0x00007fff20e1b000 	/System/Library/Frameworks/SystemConfiguration.framework/Versions/A/SystemConfiguration
0x00007fff2a709000 	/usr/lib/libfakelink.dylib
0x00007fff2463f000 	/System/Library/Frameworks/CFNetwork.framework/Versions/A/CFNetwork
0x00007fff2a849000 	/usr/lib/libarchive.2.dylib
0x00007fff20e99000 	/usr/lib/libCRFSuite.dylib
0x00007fff29eb6000 	/usr/lib/libbsm.0.dylib
0x00007fff23fb8000 	/usr/lib/libnetwork.dylib
0x00007fff2a70e000 	/usr/lib/libpcap.A.dylib
0x00007fff26255000 	/usr/lib/libdns_services.dylib
0x00007fff2adaf000 	/usr/lib/libcoretls_cfhelpers.dylib
0x00007fff2a948000 	/usr/lib/libapple_nghttp2.dylib
0x00007fff2a6a1000 	/usr/lib/system/libkxld.dylib
0x00007fff25ed3000 	/usr/lib/libsqlite3.dylib
0x00007fff2a41d000 	/System/Library/PrivateFrameworks/AppleFSCompression.framework/Versions/A/AppleFSCompression
0x00007fff29e9e000 	/usr/lib/libcoretls.dylib
0x00007fff2a975000 	/usr/lib/libpam.2.dylib
0x00007fff2aead000 	/usr/lib/libxar.1.dylib
0x00007fff29292000 	/System/Library/PrivateFrameworks/AppleSystemInfo.framework/Versions/A/AppleSystemInfo
0x00007fff29ae0000 	/System/Library/PrivateFrameworks/IOMobileFramebuffer.framework/Versions/A/IOMobileFramebuffer
0x00007fff2a42d000 	/usr/lib/libbz2.1.0.dylib
0x00007fff2a746000 	/usr/lib/libiconv.2.dylib
0x00007fff2a69a000 	/usr/lib/libcharset.1.dylib
0x00007fff27407000 	/System/Library/Frameworks/CoreServices.framework/Versions/A/Frameworks/FSEvents.framework/Versions/A/FSEvents
0x00007fff22731000 	/System/Library/Frameworks/CoreServices.framework/Versions/A/Frameworks/CarbonCore.framework/Versions/A/CarbonCore
0x00007fff26470000 	/System/Library/Frameworks/CoreServices.framework/Versions/A/Frameworks/Metadata.framework/Versions/A/Metadata
0x00007fff2a43f000 	/System/Library/Frameworks/CoreServices.framework/Versions/A/Frameworks/OSServices.framework/Versions/A/OSServices
0x00007fff2a8bb000 	/System/Library/Frameworks/CoreServices.framework/Versions/A/Frameworks/SearchKit.framework/Versions/A/SearchKit
0x00007fff261e0000 	/System/Library/Frameworks/CoreServices.framework/Versions/A/Frameworks/AE.framework/Versions/A/AE
0x00007fff208cc000 	/System/Library/Frameworks/CoreServices.framework/Versions/A/Frameworks/LaunchServices.framework/Versions/A/LaunchServices
0x00007fff2ad46000 	/System/Library/Frameworks/CoreServices.framework/Versions/A/Frameworks/DictionaryServices.framework/Versions/A/DictionaryServices
0x00007fff27414000 	/System/Library/Frameworks/CoreServices.framework/Versions/A/Frameworks/SharedFileList.framework/Versions/A/SharedFileList
0x00007fff29e92000 	/usr/lib/libCheckFix.dylib
0x00007fff24b62000 	/System/Library/PrivateFrameworks/TCC.framework/Versions/A/TCC
0x00007fff29298000 	/System/Library/PrivateFrameworks/CoreNLP.framework/Versions/A/CoreNLP
0x00007fff26423000 	/System/Library/PrivateFrameworks/MetadataUtilities.framework/Versions/A/MetadataUtilities
0x00007fff20ece000 	/usr/lib/libmecabra.dylib
0x00007fff2a19c000 	/System/Library/Frameworks/MLCompute.framework/Versions/A/MLCompute
0x00007fff29ec7000 	/usr/lib/libmecab.dylib
0x00007fff29f11000 	/usr/lib/libgermantok.dylib
0x00007fff2a923000 	/usr/lib/libThaiTokenizer.dylib
0x00007fff2aee8000 	/usr/lib/libChineseTokenizer.dylib
0x00007fff2a973000 	/System/Library/Frameworks/MetalPerformanceShaders.framework/Versions/A/MetalPerformanceShaders
0x00007fff26512000 	/System/Library/Frameworks/Accelerate.framework/Versions/A/Frameworks/vImage.framework/Versions/A/vImage
0x00007fff301d4000 	/System/Library/Frameworks/Accelerate.framework/Versions/A/Frameworks/vecLib.framework/Versions/A/vecLib
0x00007fff2aef3000 	/System/Library/Frameworks/Accelerate.framework/Versions/A/Frameworks/vecLib.framework/Versions/A/libvMisc.dylib
0x00007fff29940000 	/System/Library/Frameworks/Accelerate.framework/Versions/A/Frameworks/vecLib.framework/Versions/A/libvDSP.dylib
0x00007fff20bd7000 	/System/Library/Frameworks/Accelerate.framework/Versions/A/Frameworks/vecLib.framework/Versions/A/libBLAS.dylib
0x00007fff2a9a1000 	/System/Library/Frameworks/Accelerate.framework/Versions/A/Frameworks/vecLib.framework/Versions/A/libLAPACK.dylib
0x00007fff29f17000 	/System/Library/Frameworks/Accelerate.framework/Versions/A/Frameworks/vecLib.framework/Versions/A/libLinearAlgebra.dylib
0x00007fff2a960000 	/System/Library/Frameworks/Accelerate.framework/Versions/A/Frameworks/vecLib.framework/Versions/A/libSparseBLAS.dylib
0x00007fff2a99b000 	/System/Library/Frameworks/Accelerate.framework/Versions/A/Frameworks/vecLib.framework/Versions/A/libQuadrature.dylib
0x00007fff29344000 	/System/Library/Frameworks/Accelerate.framework/Versions/A/Frameworks/vecLib.framework/Versions/A/libBNNS.dylib
0x00007fff20dac000 	/System/Library/Frameworks/Accelerate.framework/Versions/A/Frameworks/vecLib.framework/Versions/A/libSparse.dylib
0x00007fff29220000 	/System/Library/Frameworks/MetalPerformanceShaders.framework/Versions/A/Frameworks/MPSCore.framework/Versions/A/MPSCore
0x00007fff2a38c000 	/System/Library/Frameworks/MetalPerformanceShaders.framework/Versions/A/Frameworks/MPSImage.framework/Versions/A/MPSImage
0x00007fff29f2d000 	/System/Library/Frameworks/MetalPerformanceShaders.framework/Versions/A/Frameworks/MPSNeuralNetwork.framework/Versions/A/MPSNeuralNetwork
0x00007fff2a2fe000 	/System/Library/Frameworks/MetalPerformanceShaders.framework/Versions/A/Frameworks/MPSMatrix.framework/Versions/A/MPSMatrix
0x00007fff2a14c000 	/System/Library/Frameworks/MetalPerformanceShaders.framework/Versions/A/Frameworks/MPSRayIntersector.framework/Versions/A/MPSRayIntersector
0x00007fff2a335000 	/System/Library/Frameworks/MetalPerformanceShaders.framework/Versions/A/Frameworks/MPSNDArray.framework/Versions/A/MPSNDArray
0x00007fff20b02000 	/System/Library/PrivateFrameworks/MetalTools.framework/Versions/A/MetalTools
0x00007fff29290000 	/System/Library/PrivateFrameworks/AggregateDictionary.framework/Versions/A/AggregateDictionary
0x00007fff263f0000 	/System/Library/PrivateFrameworks/CoreAnalytics.framework/Versions/A/CoreAnalytics
0x00007fff2a925000 	/System/Library/PrivateFrameworks/AppleSauce.framework/Versions/A/AppleSauce
0x00007fff28592000 	/System/Library/PrivateFrameworks/IOAccelerator.framework/Versions/A/IOAccelerator
0x00007fff6bd67000 	/System/Library/Frameworks/OpenGL.framework/Versions/A/Libraries/libCoreFSCache.dylib
0x00007fff21466000 	/System/Library/PrivateFrameworks/LanguageModeling.framework/Versions/A/LanguageModeling
0x00007fff29ace000 	/System/Library/PrivateFrameworks/CoreEmoji.framework/Versions/A/CoreEmoji
0x00007fff2933d000 	/System/Library/PrivateFrameworks/LinguisticData.framework/Versions/A/LinguisticData
0x00007fff20d5e000 	/System/Library/PrivateFrameworks/Lexicon.framework/Versions/A/Lexicon
0x00007fff2a837000 	/usr/lib/libcmph.dylib
0x00007fff273e7000 	/System/Library/Frameworks/OpenDirectory.framework/Versions/A/Frameworks/CFOpenDirectory.framework/Versions/A/CFOpenDirectory
0x00007fff273d7000 	/System/Library/Frameworks/OpenDirectory.framework/Versions/A/OpenDirectory
0x00007fff2adb1000 	/System/Library/PrivateFrameworks/APFS.framework/Versions/A/APFS
0x00007fff29df4000 	/System/Library/Frameworks/SecurityFoundation.framework/Versions/A/SecurityFoundation
0x00007fff2aebb000 	/usr/lib/libutil.dylib
0x00007fff22a5c000 	/System/Library/PrivateFrameworks/CoreServicesStore.framework/Versions/A/CoreServicesStore
0x00007fff29e8a000 	/System/Library/Frameworks/ServiceManagement.framework/Versions/A/ServiceManagement
0x00007fff2aebf000 	/usr/lib/libxslt.1.dylib
0x00007fff29e80000 	/System/Library/PrivateFrameworks/BackgroundTaskManagement.framework/Versions/A/BackgroundTaskManagement
0x00007fff2bfca000 	/System/Library/Frameworks/ImageIO.framework/Versions/A/Resources/libRadiance.dylib
0x00007fff2bfd3000 	/System/Library/Frameworks/ImageIO.framework/Versions/A/Resources/libJPEG.dylib
0x00007fff2bf1e000 	/System/Library/Frameworks/ImageIO.framework/Versions/A/Resources/libPng.dylib
0x00007fff2bf45000 	/System/Library/Frameworks/ImageIO.framework/Versions/A/Resources/libTIFF.dylib
0x00007fff2c028000 	/System/Library/Frameworks/ImageIO.framework/Versions/A/Resources/libGIF.dylib
0x00007fff2bc71000 	/System/Library/Frameworks/ImageIO.framework/Versions/A/Resources/libJP2.dylib
0x00007fff2b38d000 	/usr/lib/libexpat.1.dylib
0x00007fff2bc27000 	/System/Library/PrivateFrameworks/AppleJPEG.framework/Versions/A/AppleJPEG
0x00007fff287c8000 	/System/Library/PrivateFrameworks/FontServices.framework/libFontParser.dylib
0x00007fff26197000 	/System/Library/PrivateFrameworks/RunningBoardServices.framework/Versions/A/RunningBoardServices
0x00007fff2bd50000 	/System/Library/PrivateFrameworks/WatchdogClient.framework/Versions/A/WatchdogClient
0x00007fff2154f000 	/System/Library/Frameworks/CoreDisplay.framework/Versions/A/CoreDisplay
0x00007fff286dd000 	/System/Library/Frameworks/CoreMedia.framework/Versions/A/CoreMedia
0x00007fff27567000 	/System/Library/Frameworks/CoreVideo.framework/Versions/A/CoreVideo
0x00007fff2bd8b000 	/System/Library/Frameworks/VideoToolbox.framework/Versions/A/VideoToolbox
0x00007fff26117000 	/System/Library/PrivateFrameworks/BaseBoard.framework/Versions/A/BaseBoard
0x00007fff2b4d1000 	/System/Library/PrivateFrameworks/PersistentConnection.framework/Versions/A/PersistentConnection
0x00007fff25ebd000 	/System/Library/PrivateFrameworks/ProtocolBuffer.framework/Versions/A/ProtocolBuffer
0x00007fff260ff000 	/System/Library/PrivateFrameworks/CommonUtilities.framework/Versions/A/CommonUtilities
0x00007fff2bbea000 	/System/Library/PrivateFrameworks/Bom.framework/Versions/A/Bom
0x00007fff2bfc2000 	/System/Library/PrivateFrameworks/GPUWrangler.framework/Versions/A/GPUWrangler
0x00007fff2bfa5000 	/System/Library/PrivateFrameworks/IOPresentment.framework/Versions/A/IOPresentment
0x00007fff2bfcd000 	/System/Library/PrivateFrameworks/DSExternalDisplay.framework/Versions/A/DSExternalDisplay
0x00007fff2c02d000 	/System/Library/PrivateFrameworks/CMCaptureCore.framework/Versions/A/CMCaptureCore
0x00007fff2b96d000 	/System/Library/PrivateFrameworks/AppServerSupport.framework/Versions/A/AppServerSupport
0x00007fff2da08000 	/System/Library/PrivateFrameworks/perfdata.framework/Versions/A/perfdata
0x00007fff29de3000 	/System/Library/PrivateFrameworks/AssertionServices.framework/Versions/A/AssertionServices
0x00007fff21686000 	/System/Library/PrivateFrameworks/AudioToolboxCore.framework/Versions/A/AudioToolboxCore
0x00007fff286c0000 	/System/Library/PrivateFrameworks/caulk.framework/Versions/A/caulk
0x00007fff3ceb4000 	/System/Library/PrivateFrameworks/SystemPolicy.framework/Versions/A/SystemPolicy
0x00007fff2b19c000 	/usr/lib/libIOReport.dylib
0x00007fff2d244000 	/usr/lib/libSMC.dylib
0x00007fff2beea000 	/usr/lib/libAudioToolboxUtility.dylib
0x00007fff3d811000 	/usr/lib/libmis.dylib
0x00007fff6bdc3000 	/System/Library/Frameworks/OpenGL.framework/Versions/A/Libraries/libGLU.dylib
0x00007fff6bd86000 	/System/Library/Frameworks/OpenGL.framework/Versions/A/Libraries/libGFXShared.dylib
0x00007fff6bf94000 	/System/Library/Frameworks/OpenGL.framework/Versions/A/Libraries/libGL.dylib
0x00007fff6bd8f000 	/System/Library/Frameworks/OpenGL.framework/Versions/A/Libraries/libGLImage.dylib
0x00007fff6bd83000 	/System/Library/Frameworks/OpenGL.framework/Versions/A/Libraries/libCVMSPluginSupport.dylib
0x00007fff6bd6e000 	/System/Library/Frameworks/OpenGL.framework/Versions/A/Libraries/libCoreVMClient.dylib
0x00007fff6d3de000 	/System/Library/Frameworks/OpenCL.framework/Versions/A/OpenCL
0x00007fff2b4fa000 	/System/Library/PrivateFrameworks/GraphVisualizer.framework/Versions/A/GraphVisualizer
0x00007fff2b509000 	/System/Library/PrivateFrameworks/FaceCore.framework/Versions/A/FaceCore
0x00007fff2b925000 	/System/Library/PrivateFrameworks/OTSVG.framework/Versions/A/OTSVG
0x00007fff2715c000 	/System/Library/Frameworks/ApplicationServices.framework/Versions/A/Frameworks/ATS.framework/Versions/A/Resources/libFontRegistry.dylib
0x00007fff2b974000 	/System/Library/PrivateFrameworks/FontServices.framework/libhvf.dylib
0x00007fff2b339000 	/System/Library/PrivateFrameworks/AppleVA.framework/Versions/A/AppleVA
0x00007fff2d08c000 	/System/Library/Frameworks/ApplicationServices.framework/Versions/A/Frameworks/ATS.framework/Versions/A/ATS
0x00007fff2d39f000 	/System/Library/Frameworks/ApplicationServices.framework/Versions/A/Frameworks/ColorSyncLegacy.framework/Versions/A/ColorSyncLegacy
0x00007fff2568a000 	/System/Library/Frameworks/ApplicationServices.framework/Versions/A/Frameworks/HIServices.framework/Versions/A/HIServices
0x00007fff2d384000 	/System/Library/Frameworks/ApplicationServices.framework/Versions/A/Frameworks/LangAnalysis.framework/Versions/A/LangAnalysis
0x00007fff2c037000 	/System/Library/Frameworks/ApplicationServices.framework/Versions/A/Frameworks/PrintCore.framework/Versions/A/PrintCore
0x00007fff2d3a7000 	/System/Library/Frameworks/ApplicationServices.framework/Versions/A/Frameworks/QD.framework/Versions/A/QD
0x00007fff2d07c000 	/System/Library/Frameworks/ApplicationServices.framework/Versions/A/Frameworks/SpeechSynthesis.framework/Versions/A/SpeechSynthesis
0x00007fff2bff8000 	/System/Library/Frameworks/ApplicationServices.framework/Versions/A/Frameworks/ATSUI.framework/Versions/A/ATSUI
0x00007fff2d324000 	/usr/lib/libcups.2.dylib
0x00007fff2d394000 	/System/Library/PrivateFrameworks/NetAuth.framework/Versions/A/NetAuth
0x00007fff2da23000 	/System/Library/Frameworks/Kerberos.framework/Versions/A/Kerberos
0x00007fff2da33000 	/System/Library/Frameworks/GSS.framework/Versions/A/GSS
0x00007fff2d0f9000 	/usr/lib/libresolv.9.dylib
0x00007fff2b98a000 	/System/Library/PrivateFrameworks/Heimdal.framework/Versions/A/Heimdal
0x00007fff336ea000 	/System/Library/Frameworks/Kerberos.framework/Versions/A/Libraries/libHeimdalProxy.dylib
0x00007fff26264000 	/System/Library/Frameworks/Network.framework/Versions/A/Network
0x00007fff2b3a6000 	/usr/lib/libheimdal-asn1.dylib
0x00007fff2da84000 	/System/Library/PrivateFrameworks/CommonAuth.framework/Versions/A/CommonAuth
0x00007fff275b5000 	/System/Library/PrivateFrameworks/login.framework/Versions/A/Frameworks/loginsupport.framework/Versions/A/loginsupport
0x00007fff2d003000 	/System/Library/PrivateFrameworks/AudioSession.framework/Versions/A/AudioSession
0x00007fff2d069000 	/usr/lib/libAudioStatistics.dylib
0x00007fff2b432000 	/System/Library/PrivateFrameworks/MediaExperience.framework/Versions/A/MediaExperience
0x00007fff2ce9c000 	/System/Library/PrivateFrameworks/AudioSession.framework/libSessionUtility.dylib
0x00007fff2da14000 	/usr/lib/libperfcheck.dylib
0x00007fff2d3b3000 	/System/Library/PrivateFrameworks/AudioResourceArbitration.framework/Versions/A/AudioResourceArbitration
0x00007fff2b3b0000 	/System/Library/PrivateFrameworks/IconFoundation.framework/Versions/A/IconFoundation
0x00007fff2feb7000 	/System/Library/PrivateFrameworks/SpeechRecognitionCore.framework/Versions/A/SpeechRecognitionCore
0x0000000111800000 	/Users/neogeo/Library/Java/JavaVirtualMachines/openjdk-16.0.2/Contents/Home/lib/server/libjvm.dylib
0x000000010d1a4000 	/Users/neogeo/Library/Java/JavaVirtualMachines/openjdk-16.0.2/Contents/Home/lib/libjimage.dylib
0x000000010d1bf000 	/Users/neogeo/Library/Java/JavaVirtualMachines/openjdk-16.0.2/Contents/Home/lib/libinstrument.dylib
0x000000010d1e4000 	/Users/neogeo/Library/Java/JavaVirtualMachines/openjdk-16.0.2/Contents/Home/lib/libjava.dylib
0x000000010d248000 	/private/var/folders/cf/3v6fj3cs52g0h3fhvwj4315m0000gn/T/libasyncProfiler.so
0x00000001367bf000 	/Users/neogeo/Library/Java/JavaVirtualMachines/openjdk-16.0.2/Contents/Home/lib/libzip.dylib
0x0000000138ef0000 	/Users/neogeo/Library/Java/JavaVirtualMachines/openjdk-16.0.2/Contents/Home/lib/libnio.dylib
0x0000000138f20000 	/Users/neogeo/Library/Java/JavaVirtualMachines/openjdk-16.0.2/Contents/Home/lib/libnet.dylib
0x0000000138fa0000 	/Users/neogeo/Library/Java/JavaVirtualMachines/openjdk-16.0.2/Contents/Home/lib/libextnet.dylib
0x00000001129b5000 	/Users/neogeo/Library/Java/JavaVirtualMachines/openjdk-16.0.2/Contents/Home/lib/libmanagement.dylib
0x00000001129d3000 	/Users/neogeo/Library/Java/JavaVirtualMachines/openjdk-16.0.2/Contents/Home/lib/libmanagement_ext.dylib


VM Arguments:
jvm_args: -XX:TieredStopAtLevel=1 -Xverify:none -Dspring.output.ansi.enabled=always -javaagent:/Applications/IntelliJ IDEA.app/Contents/lib/idea_rt.jar=62494:/Applications/IntelliJ IDEA.app/Contents/bin -Dcom.sun.management.jmxremote -Dspring.jmx.enabled=true -Dspring.liveBeansView.mbeanDomain -Dspring.application.admin.enabled=true -agentpath:/private/var/folders/cf/3v6fj3cs52g0h3fhvwj4315m0000gn/T/libasyncProfiler.so=start,jfr,event=cpu,interval=1ms,event=alloc,file=/Users/neogeo/SpringBlogApplication_2021_11_07_111639.jfr -Dfile.encoding=UTF-8 
java_command: com.codeup.springblog.SpringBlogApplication
java_class_path (initial): /Users/neogeo/IdeaProjects/spring-blog/target/classes:/Users/neogeo/.m2/repository/org/springframework/boot/spring-boot-starter-web/2.5.6/spring-boot-starter-web-2.5.6.jar:/Users/neogeo/.m2/repository/org/springframework/boot/spring-boot-starter/2.5.6/spring-boot-starter-2.5.6.jar:/Users/neogeo/.m2/repository/org/springframework/boot/spring-boot/2.5.6/spring-boot-2.5.6.jar:/Users/neogeo/.m2/repository/org/springframework/boot/spring-boot-autoconfigure/2.5.6/spring-boot-autoconfigure-2.5.6.jar:/Users/neogeo/.m2/repository/org/springframework/boot/spring-boot-starter-logging/2.5.6/spring-boot-starter-logging-2.5.6.jar:/Users/neogeo/.m2/repository/ch/qos/logback/logback-classic/1.2.6/logback-classic-1.2.6.jar:/Users/neogeo/.m2/repository/ch/qos/logback/logback-core/1.2.6/logback-core-1.2.6.jar:/Users/neogeo/.m2/repository/org/apache/logging/log4j/log4j-to-slf4j/2.14.1/log4j-to-slf4j-2.14.1.jar:/Users/neogeo/.m2/repository/org/apache/logging/log4j/log4j-api/2.14.1/log4j-api-2.14.1.jar:/Users/neogeo/.m2/repository/org/slf4j/jul-to-slf4j/1.7.32/jul-to-slf4j-1.7.32.jar:/Users/neogeo/.m2/repository/jakarta/annotation/jakarta.annotation-api/1.3.5/jakarta.annotation-api-1.3.5.jar:/Users/neogeo/.m2/repository/org/yaml/snakeyaml/1.28/snakeyaml-1.28.jar:/Users/neogeo/.m2/repository/org/springframework/boot/spring-boot-starter-json/2.5.6/spring-boot-starter-json-2.5.6.jar:/Users/neogeo/.m2/repository/com/fasterxml/jackson/core/jackson-databind/2.12.5/jackson-databind-2.12.5.jar:/Users/neogeo/.m2/repository/com/fasterxml/jackson/core/jackson-annotations/2.12.5/jackson-annotations-2.12.5.jar:/Users/neogeo/.m2/repository/com/fasterxml/jackson/core/jackson-core/2.12.5/jackson-core-2.12.5.jar:/Users/neogeo/.m2/repository/com/fasterxml/jackson/datatype/jackson-datatype-jdk8/2.12.5/jackson-datatype-jdk8-2.12.5.jar:/Users/neogeo/.m2/repository/com/fasterxml/jackson/datatype/jackson-datatype-jsr310/2.12.5/jackson-datatype-jsr310-2.12.5.jar:/Users/neogeo/.m2/re
Launcher Type: SUN_STANDARD

[Global flags]
     intx CICompilerCount                          = 4                                         {product} {ergonomic}
     uint ConcGCThreads                            = 2                                         {product} {ergonomic}
     uint G1ConcRefinementThreads                  = 8                                         {product} {ergonomic}
   size_t G1HeapRegionSize                         = 2097152                                   {product} {ergonomic}
    uintx GCDrainStackTargetSize                   = 64                                        {product} {ergonomic}
   size_t InitialHeapSize                          = 268435456                                 {product} {ergonomic}
     bool ManagementServer                         = true                                      {product} {command line}
   size_t MarkStackSize                            = 4194304                                   {product} {ergonomic}
   size_t MaxHeapSize                              = 4294967296                                {product} {ergonomic}
   size_t MaxNewSize                               = 2575302656                                {product} {ergonomic}
   size_t MinHeapDeltaBytes                        = 2097152                                   {product} {ergonomic}
   size_t MinHeapSize                              = 8388608                                   {product} {ergonomic}
    uintx NonNMethodCodeHeapSize                   = 7549744                                {pd product} {ergonomic}
    uintx NonProfiledCodeHeapSize                  = 244108496                              {pd product} {ergonomic}
    uintx ProfiledCodeHeapSize                     = 0                                      {pd product} {ergonomic}
    uintx ReservedCodeCacheSize                    = 251658240                              {pd product} {ergonomic}
     bool SegmentedCodeCache                       = true                                      {product} {ergonomic}
   size_t SoftMaxHeapSize                          = 4294967296                             {manageable} {ergonomic}
     intx TieredStopAtLevel                        = 1                                         {product} {command line}
     bool UseCompressedClassPointers               = true                           {product lp64_product} {ergonomic}
     bool UseCompressedOops                        = true                           {product lp64_product} {ergonomic}
     bool UseG1GC                                  = true                                      {product} {ergonomic}
     bool UseNUMA                                  = false                                     {product} {ergonomic}
     bool UseNUMAInterleaving                      = false                                     {product} {ergonomic}

Logging:
Log output configuration:
 #0: stdout all=warning,jni+resolve=error uptime,level,tags (reconfigured)
 #1: stderr all=off uptime,level,tags

Environment Variables:
PATH=/Users/neogeo/.nvm/versions/node/v12.22.7/bin:/opt/homebrew/bin:/opt/homebrew/sbin:/usr/local/bin:/usr/bin:/bin:/usr/sbin:/sbin
SHELL=/bin/zsh
LC_CTYPE=en_US.UTF-8

Signal Handlers:
SIGSEGV: [libjvm.dylib+0xa7da90], sa_mask[0]=11100110100111111111111111111111, sa_flags=SA_ONSTACK|SA_RESTART|SA_SIGINFO
SIGBUS: [libjvm.dylib+0xa7da90], sa_mask[0]=11100110100111111111111111111111, sa_flags=SA_RESTART|SA_SIGINFO
SIGFPE: [libjvm.dylib+0xa7da90], sa_mask[0]=11100110100111111111111111111111, sa_flags=SA_RESTART|SA_SIGINFO
SIGPIPE: [libjvm.dylib+0x947480], sa_mask[0]=11100110100111111111111111111111, sa_flags=SA_RESTART|SA_SIGINFO
SIGXFSZ: [libjvm.dylib+0x947480], sa_mask[0]=11100110100111111111111111111111, sa_flags=SA_RESTART|SA_SIGINFO
SIGILL: [libjvm.dylib+0xa7da90], sa_mask[0]=11100110100111111111111111111111, sa_flags=SA_RESTART|SA_SIGINFO
SIGUSR2: [libjvm.dylib+0x947f30], sa_mask[0]=00100000000000000000000000000000, sa_flags=SA_RESTART|SA_SIGINFO
SIGHUP: [libjvm.dylib+0x9464f0], sa_mask[0]=11100110100111111111111111111111, sa_flags=SA_RESTART|SA_SIGINFO
SIGINT: [libjvm.dylib+0x9464f0], sa_mask[0]=11100110100111111111111111111111, sa_flags=SA_RESTART|SA_SIGINFO
SIGTERM: [libjvm.dylib+0x9464f0], sa_mask[0]=11100110100111111111111111111111, sa_flags=SA_RESTART|SA_SIGINFO
SIGQUIT: [libjvm.dylib+0x9464f0], sa_mask[0]=11100110100111111111111111111111, sa_flags=SA_RESTART|SA_SIGINFO
SIGTRAP: [libjvm.dylib+0xa7da90], sa_mask[0]=11100110100111111111111111111111, sa_flags=SA_RESTART|SA_SIGINFO


---------------  S Y S T E M  ---------------

OS:uname: Darwin 20.6.0 Darwin Kernel Version 20.6.0: Wed Jun 23 00:26:27 PDT 2021; root:xnu-7195.141.2~5/RELEASE_ARM64_T8101 x86_64
OS uptime: 6 days 14:57 hours
rlimit (soft/hard): STACK 8176k/65520k , CORE 0k/infinity , NPROC 2666/4000 , NOFILE 10240/infinity , AS infinity/infinity , CPU infinity/infinity , DATA infinity/infinity , FSIZE infinity/infinity , MEMLOCK infinity/infinity , RSS infinity/infinity
load average: 2.35 2.45 2.40

CPU: total 8 (initial active 8) (1 cores per cpu, 1 threads per core) family 6 model 44 stepping 0 microcode 0x0, cx8, cmov, fxsr, mmx, sse, sse2, sse3, ssse3, sse4.1, sse4.2, popcnt, tsc, tscinvbit, aes, clmul, clflush

Memory: 4k page, physical 16777216k(30940k free), swap 6291456k(1753344k free)

vm_info: OpenJDK 64-Bit Server VM (16.0.2+7-67) for bsd-amd64 JRE (16.0.2+7-67), built on Jun  8 2021 22:20:26 by "mach5one" with clang 4.2.1 Compatible Apple LLVM 11.0.0 (clang-1100.0.33.17)

END.
